[1;35m
  ╔══════════════════════════════════════════════════════════════════╗
  ║          Xinle 欣乐 — Infrastructure Deployment                 ║
  ║          Author: James Barrett | Xinle, LLC                     ║
  ║          Version: 13.3.0                                        ║
  ╚══════════════════════════════════════════════════════════════════╝
[0m

[1;35m################################################################################[0m
[1;35m  Stage 1: Environment Configuration[0m
[1;35m################################################################################[0m

[1;33m  Enter the following values to configure your deployment.[0m
[1;33m  Passwords are hidden as you type and must be confirmed.[0m

[1;36m  ── Password Strategy ───────────────────────────────────────────────────[0m

  You can use a single shared password for all services (quick setup),
  or set a unique password for each service (recommended for production).

  Use the same password for all services? [Y/n]: 
[1;36m  [INFO]  Enter one password — it will be used for all services.[0m

  Shared password (all services): 
  Confirm Shared password (all services): 
[1;32m  [OK]    Single password set for all services.[0m

[1;36m  ── PostgreSQL ──────────────────────────────────────────────────────────[0m
  PostgreSQL database name [xinle_db]:   PostgreSQL username [sar]: 
[1;36m  ── Application Database Names ──────────────────────────────────────────[0m
  n8n database name [n8n]:   Forgejo database name [forgejo]: 
[1;33m  ── Review ──────────────────────────────────────────────────────────────[0m

    POSTGRES_DB:                   xinle_db
    POSTGRES_USER:                 sar
    ALL PASSWORDS:                 <single shared password>
    N8N_DB:                        n8n
    FORGEJO_DB:                    forgejo

  Proceed with these settings? [Y/n]: [1;36m  [INFO]  Writing .env ...[0m
[1;32m  [OK]    .env written and secured (chmod 600).[0m

[1;35m################################################################################[0m
[1;35m  Stage 2: Pre-flight Cleanup[0m
[1;35m################################################################################[0m
[1;33m  [WARN]  Removing existing Docker installation...[0m
[1;32m  [OK]    Pre-flight cleanup complete.[0m

[1;35m################################################################################[0m
[1;35m  Stage 3: Service User 'sar'[0m
[1;35m################################################################################[0m
[1;32m  [OK]    User 'sar' created.[0m
[1;32m  [OK]    User configured.[0m

[1;35m################################################################################[0m
[1;35m  Stage 4: Timezone & NTP[0m
[1;35m################################################################################[0m
[1;33m  [WARN]  unattended-upgrades is running. Stopping it for the install...[0m
[1;36m  [INFO]  Waiting for apt lock... (0s / 120s)[0m
[1;36m  [INFO]  Waiting for apt lock... (5s / 120s)[0m
[1;36m  [INFO]  Waiting for apt lock... (10s / 120s)[0m
[1;36m  [INFO]  Waiting for apt lock... (15s / 120s)[0m
[1;36m  [INFO]  Waiting for apt lock... (20s / 120s)[0m
[1;36m  [INFO]  Waiting for apt lock... (25s / 120s)[0m
[1;36m  [INFO]  Waiting for apt lock... (30s / 120s)[0m
[1;36m  [INFO]  Waiting for apt lock... (35s / 120s)[0m
[1;36m  [INFO]  Waiting for apt lock... (40s / 120s)[0m
[1;36m  [INFO]  Waiting for apt lock... (45s / 120s)[0m
[1;36m  [INFO]  Waiting for apt lock... (50s / 120s)[0m
[1;36m  [INFO]  Waiting for apt lock... (55s / 120s)[0m
[1;36m  [INFO]  Waiting for apt lock... (60s / 120s)[0m
[1;36m  [INFO]  Waiting for apt lock... (65s / 120s)[0m
[1;36m  [INFO]  Waiting for apt lock... (70s / 120s)[0m
[1;36m  [INFO]  Waiting for apt lock... (75s / 120s)[0m
[1;36m  [INFO]  Waiting for apt lock... (80s / 120s)[0m
[1;36m  [INFO]  Waiting for apt lock... (85s / 120s)[0m
[1;36m  [INFO]  Waiting for apt lock... (90s / 120s)[0m
[1;36m  [INFO]  Waiting for apt lock... (95s / 120s)[0m
[1;36m  [INFO]  Waiting for apt lock... (100s / 120s)[0m
[1;36m  [INFO]  Waiting for apt lock... (105s / 120s)[0m
[1;36m  [INFO]  Waiting for apt lock... (110s / 120s)[0m
[1;36m  [INFO]  Waiting for apt lock... (115s / 120s)[0m
[1;31m  [ERROR] apt lock held for 120s — giving up. Run: sudo lsof /var/lib/dpkg/lock-frontend[0m

[1;35m################################################################################[0m
[1;35m  ROLLBACK INITIATED (exit code: 1) — Wed Mar 11 13:55:51 CDT 2026[0m
[1;35m################################################################################[0m
[1;36m  [INFO]  Removing user 'sar'...[0m
info: Looking for files to backup/remove ...
info: Removing files ...
info: Removing crontab ...
info: Removing user `sar' ...
[1;36m  [INFO]  Removing .env...[0m

[1;35m################################################################################[0m
[1;35m  ROLLBACK COMPLETE — Pushing error log to GitHub[0m
[1;35m################################################################################[0m
